%!Adobe-FontList 1.18
%Locale:0x4009

%BeginFont
Handler:DirectoryHandler
FontType:TrueType
FontName:KrutiDev020Bold
FamilyName:Kruti Dev 021
StyleName: Bold
FullName:Kruti Dev 021
MenuName:Kruti Dev 021
StyleBits:0
WritingScript:Roman
OutlineFileName:F:\Mucur\packages\karyavan Folder\Document fonts\K021.TTF
DataFormat:sfntData
hasSVG:no
FileLength:67032
FileModTime:905343156
WeightClass:400
WidthClass:5
AngleClass:0
NameArray:0,Mac,4,Kruti Dev 021
NameArray:0,Win,1,Kruti Dev 021
%EndFont

%BeginFont
Handler:DirectoryHandler
FontType:TrueType
FontName:KrutiDev020Wide
FamilyName:Kruti Dev 025
StyleName:Regular
FullName:Kruti Dev 025
MenuName:Kruti Dev 025
StyleBits:0
WritingScript:Roman
OutlineFileName:F:\Mucur\packages\karyavan Folder\Document fonts\K25.TTF
DataFormat:sfntData
hasSVG:no
FileLength:60600
FileModTime:905392386
WeightClass:400
WidthClass:5
AngleClass:0
NameArray:0,Mac,4,Kruti Dev 025
NameArray:0,Win,1,Kruti Dev 025
%EndFont

