%!Adobe-FontList 1.18
%Locale:0x4009

%BeginFont
Handler:DirectoryHandler
FontType:TrueType
FontName:Arial-BoldMT
FamilyName:Arial
StyleName:Bold
FullName:Arial Bold
MenuName:Arial
StyleBits:2
WritingScript:Roman
OutlineFileName:F:\Mucur\packages\womenfighter Folder\Document fonts\arialbd.ttf
DataFormat:sfntData
hasSVG:no
FileLength:980756
FileModTime:1523489648
WeightClass:700
WidthClass:5
AngleClass:0
NameArray:0,Mac,4,Arial Bold
NameArray:0,Win,1,Arial
%EndFont

%BeginFont
Handler:DirectoryHandler
FontType:TrueType
FontName:BIRTHOFAHERO
FamilyName:BIRTH OF A HERO
StyleName:Regular
FullName:BIRTH OF A HERO
MenuName:BIRTH OF A HERO
StyleBits:0
WritingScript:Roman
OutlineFileName:F:\Mucur\packages\womenfighter Folder\Document fonts\BIRTH_OF_A_HERO.ttf
DataFormat:sfntData
hasSVG:no
FileLength:118920
FileModTime:1188811864
WeightClass:400
WidthClass:5
AngleClass:0
NameArray:0,Mac,4,BIRTH OF A HERO
NameArray:0,Win,1,BIRTH OF A HERO
%EndFont

%BeginFont
Handler:DirectoryHandler
FontType:Type1
FontName:MinionPro-Regular
FamilyName:Minion Pro
StyleName:Regular
FullName:Minion Pro
MenuName:Minion Pro
StyleBits:0
WritingScript:Roman
OutlineFileName:F:\Mucur\packages\womenfighter Folder\Document fonts\MinionPro-Regular.otf
DataFormat:sfntData
UsesStandardEncoding:yes
isCFF:yes
hasSVG:no
FileLength:218640
FileModTime:1475689752
WeightClass:400
WidthClass:5
AngleClass:0
DesignSize:110
NameArray:0,Mac,4,Minion Pro
NameArray:0,Win,1,Minion Pro
%EndFont

